
synthesis -f "PWM_impl1_lattice.synproj"
synthesis:  version Diamond (64-bit) 3.9.0.99.2

Copyright (c) 1991-1994 by NeoCAD Inc. All rights reserved.
Copyright (c) 1995 AT&T Corp.   All rights reserved.
Copyright (c) 1995-2001 Lucent Technologies Inc.  All rights reserved.
Copyright (c) 2001 Agere Systems   All rights reserved.
Copyright (c) 2002-2017 Lattice Semiconductor Corporation,  All rights reserved.
Fri Dec 03 11:45:52 2021


Command Line:  synthesis -f PWM_impl1_lattice.synproj -gui -msgset C:/Users/Mikkelino/Desktop/Programming/Lattice Diamond projektek/PWM2/PWM2_src/PWM2_src/promote.xml 

    <postMsg mid="35002000" type="Info"    dynamic="0" navigation="0"  />
Synthesis options:
The -a option is MachXO2.
The -s option is 6.
The -t option is QFN32.
The -d option is LCMXO2-1200HC.
Using package QFN32.
Using performance grade 6.
                                                          

##########################################################

### Lattice Family : MachXO2

### Device  : LCMXO2-1200HC

### Package : QFN32

### Speed   : 6

##########################################################

                                                          

    <postMsg mid="35001781" type="Info"    dynamic="0" navigation="0"  />
Optimization goal = Balanced
Top-level module name = PWM_Top.
Target frequency = 200.000000 MHz.
Maximum fanout = 1000.
Timing path count = 3
BRAM utilization = 100.000000 %
DSP usage = true
DSP utilization = 100.000000 %
fsm_encoding_style = auto
resolve_mixed_drivers = 0
fix_gated_clocks = 1

Mux style = Auto
Use Carry Chain = true
carry_chain_length = 0
Loop Limit = 1950.
Use IO Insertion = TRUE
Use IO Reg = AUTO

Resource Sharing = TRUE
Propagate Constants = TRUE
Remove Duplicate Registers = TRUE
force_gsr = auto
ROM style = auto
RAM style = auto
The -comp option is FALSE.
The -syn option is FALSE.
-p C:/lscc/diamond/3.9_x64/ispfpga/xo2c00/data (searchpath added)
-p C:/Users/Mikkelino/Desktop/Programming/Lattice Diamond projektek/PWM2/PWM2_src/PWM2_src/impl1 (searchpath added)
-p C:/Users/Mikkelino/Desktop/Programming/Lattice Diamond projektek/PWM2/PWM2_src/PWM2_src (searchpath added)
VHDL library = work
VHDL design file = C:/Users/Mikkelino/Desktop/Programming/Lattice Diamond projektek/PWM2/PWM2_src/PWM2_src/Clk38M.vhd
VHDL design file = C:/Users/Mikkelino/Desktop/Programming/Lattice Diamond projektek/PWM2/PWM2_src/PWM2_src/PWM.vhd
VHDL design file = C:/Users/Mikkelino/Desktop/Programming/Lattice Diamond projektek/PWM2/PWM2_src/PWM2_src/PWM_Top.vhd
VHDL design file = C:/Users/Mikkelino/Desktop/Programming/Lattice Diamond projektek/PWM2/PWM2_src/PWM2_src/Debounce.vhd
VHDL design file = C:/Users/Mikkelino/Desktop/Programming/Lattice Diamond projektek/PWM2/PWM2_src/PWM2_src/DoubleSync.vhd
VHDL design file = C:/Users/Mikkelino/Desktop/Programming/Lattice Diamond projektek/PWM2/PWM2_src/PWM2_src/ReDetect.vhd
VHDL design file = C:/Users/Mikkelino/Desktop/Programming/Lattice Diamond projektek/PWM2/PWM2_src/PWM2_src/Buttons.vhd
VHDL design file = C:/Users/Mikkelino/Desktop/Programming/Lattice Diamond projektek/PWM2/PWM2_src/PWM2_src/BcdDec.vhd
NGD file = PWM_impl1.ngd
-sdc option: SDC file input not used.
-lpf option: Output file option is ON.
Hardtimer checking is enabled (default). The -dt option is not used.
The -r option is OFF. [ Remove LOC Properties is OFF. ]
Technology check ok...

Analyzing Verilog file C:/lscc/diamond/3.9_x64/ispfpga/userware/NT/SYNTHESIS_HEADERS/machxo2.v. VERI-1482
Compile design.
Compile Design Begin
    <postMsg mid="35921504" type="Info"    dynamic="2" navigation="0" arg0="" arg1="C:/Users/Mikkelino/Desktop/Programming/Lattice Diamond projektek/PWM2/PWM2_src/PWM2_src/impl1"  />
Analyzing VHDL file c:/users/mikkelino/desktop/programming/lattice diamond projektek/pwm2/pwm2_src/pwm2_src/clk38m.vhd. VHDL-1481
    <postMsg mid="35921012" type="Info"    dynamic="2" navigation="2" arg0="c:/users/mikkelino/desktop/programming/lattice diamond projektek/pwm2/pwm2_src/pwm2_src/clk38m.vhd(9): " arg1="clk38m" arg2="c:/users/mikkelino/desktop/programming/lattice diamond projektek/pwm2/pwm2_src/pwm2_src/clk38m.vhd" arg3="9"  />
    <postMsg mid="35921010" type="Info"    dynamic="2" navigation="2" arg0="c:/users/mikkelino/desktop/programming/lattice diamond projektek/pwm2/pwm2_src/pwm2_src/clk38m.vhd(13): " arg1="rtl" arg2="c:/users/mikkelino/desktop/programming/lattice diamond projektek/pwm2/pwm2_src/pwm2_src/clk38m.vhd" arg3="13"  />
unit PWM_Top is not yet analyzed. VHDL-1485
Analyzing VHDL file c:/users/mikkelino/desktop/programming/lattice diamond projektek/pwm2/pwm2_src/pwm2_src/pwm.vhd. VHDL-1481
    <postMsg mid="35921012" type="Info"    dynamic="2" navigation="2" arg0="c:/users/mikkelino/desktop/programming/lattice diamond projektek/pwm2/pwm2_src/pwm2_src/pwm.vhd(5): " arg1="pwm" arg2="c:/users/mikkelino/desktop/programming/lattice diamond projektek/pwm2/pwm2_src/pwm2_src/pwm.vhd" arg3="5"  />
    <postMsg mid="35921010" type="Info"    dynamic="2" navigation="2" arg0="c:/users/mikkelino/desktop/programming/lattice diamond projektek/pwm2/pwm2_src/pwm2_src/pwm.vhd(11): " arg1="rtl" arg2="c:/users/mikkelino/desktop/programming/lattice diamond projektek/pwm2/pwm2_src/pwm2_src/pwm.vhd" arg3="11"  />
unit PWM_Top is not yet analyzed. VHDL-1485
Analyzing VHDL file c:/users/mikkelino/desktop/programming/lattice diamond projektek/pwm2/pwm2_src/pwm2_src/bcddec.vhd. VHDL-1481
    <postMsg mid="35921012" type="Info"    dynamic="2" navigation="2" arg0="c:/users/mikkelino/desktop/programming/lattice diamond projektek/pwm2/pwm2_src/pwm2_src/bcddec.vhd(4): " arg1="bcddec" arg2="c:/users/mikkelino/desktop/programming/lattice diamond projektek/pwm2/pwm2_src/pwm2_src/bcddec.vhd" arg3="4"  />
    <postMsg mid="35921010" type="Info"    dynamic="2" navigation="2" arg0="c:/users/mikkelino/desktop/programming/lattice diamond projektek/pwm2/pwm2_src/pwm2_src/bcddec.vhd(10): " arg1="rtl" arg2="c:/users/mikkelino/desktop/programming/lattice diamond projektek/pwm2/pwm2_src/pwm2_src/bcddec.vhd" arg3="10"  />
unit PWM_Top is not yet analyzed. VHDL-1485
Analyzing VHDL file c:/users/mikkelino/desktop/programming/lattice diamond projektek/pwm2/pwm2_src/pwm2_src/doublesync.vhd. VHDL-1481
    <postMsg mid="35921012" type="Info"    dynamic="2" navigation="2" arg0="c:/users/mikkelino/desktop/programming/lattice diamond projektek/pwm2/pwm2_src/pwm2_src/doublesync.vhd(4): " arg1="doublesync" arg2="c:/users/mikkelino/desktop/programming/lattice diamond projektek/pwm2/pwm2_src/pwm2_src/doublesync.vhd" arg3="4"  />
    <postMsg mid="35921010" type="Info"    dynamic="2" navigation="2" arg0="c:/users/mikkelino/desktop/programming/lattice diamond projektek/pwm2/pwm2_src/pwm2_src/doublesync.vhd(10): " arg1="rtl" arg2="c:/users/mikkelino/desktop/programming/lattice diamond projektek/pwm2/pwm2_src/pwm2_src/doublesync.vhd" arg3="10"  />
unit PWM_Top is not yet analyzed. VHDL-1485
Analyzing VHDL file c:/users/mikkelino/desktop/programming/lattice diamond projektek/pwm2/pwm2_src/pwm2_src/debounce.vhd. VHDL-1481
    <postMsg mid="35921012" type="Info"    dynamic="2" navigation="2" arg0="c:/users/mikkelino/desktop/programming/lattice diamond projektek/pwm2/pwm2_src/pwm2_src/debounce.vhd(4): " arg1="debounce" arg2="c:/users/mikkelino/desktop/programming/lattice diamond projektek/pwm2/pwm2_src/pwm2_src/debounce.vhd" arg3="4"  />
    <postMsg mid="35921010" type="Info"    dynamic="2" navigation="2" arg0="c:/users/mikkelino/desktop/programming/lattice diamond projektek/pwm2/pwm2_src/pwm2_src/debounce.vhd(11): " arg1="rtl" arg2="c:/users/mikkelino/desktop/programming/lattice diamond projektek/pwm2/pwm2_src/pwm2_src/debounce.vhd" arg3="11"  />
unit PWM_Top is not yet analyzed. VHDL-1485
Analyzing VHDL file c:/users/mikkelino/desktop/programming/lattice diamond projektek/pwm2/pwm2_src/pwm2_src/redetect.vhd. VHDL-1481
    <postMsg mid="35921012" type="Info"    dynamic="2" navigation="2" arg0="c:/users/mikkelino/desktop/programming/lattice diamond projektek/pwm2/pwm2_src/pwm2_src/redetect.vhd(4): " arg1="redetect" arg2="c:/users/mikkelino/desktop/programming/lattice diamond projektek/pwm2/pwm2_src/pwm2_src/redetect.vhd" arg3="4"  />
    <postMsg mid="35921010" type="Info"    dynamic="2" navigation="2" arg0="c:/users/mikkelino/desktop/programming/lattice diamond projektek/pwm2/pwm2_src/pwm2_src/redetect.vhd(10): " arg1="rtl" arg2="c:/users/mikkelino/desktop/programming/lattice diamond projektek/pwm2/pwm2_src/pwm2_src/redetect.vhd" arg3="10"  />
unit PWM_Top is not yet analyzed. VHDL-1485
Analyzing VHDL file c:/users/mikkelino/desktop/programming/lattice diamond projektek/pwm2/pwm2_src/pwm2_src/buttons.vhd. VHDL-1481
    <postMsg mid="35921012" type="Info"    dynamic="2" navigation="2" arg0="c:/users/mikkelino/desktop/programming/lattice diamond projektek/pwm2/pwm2_src/pwm2_src/buttons.vhd(4): " arg1="buttons" arg2="c:/users/mikkelino/desktop/programming/lattice diamond projektek/pwm2/pwm2_src/pwm2_src/buttons.vhd" arg3="4"  />
    <postMsg mid="35921010" type="Info"    dynamic="2" navigation="2" arg0="c:/users/mikkelino/desktop/programming/lattice diamond projektek/pwm2/pwm2_src/pwm2_src/buttons.vhd(13): " arg1="struct" arg2="c:/users/mikkelino/desktop/programming/lattice diamond projektek/pwm2/pwm2_src/pwm2_src/buttons.vhd" arg3="13"  />
unit PWM_Top is not yet analyzed. VHDL-1485
Analyzing VHDL file c:/users/mikkelino/desktop/programming/lattice diamond projektek/pwm2/pwm2_src/pwm2_src/pwm_top.vhd. VHDL-1481
    <postMsg mid="35921012" type="Info"    dynamic="2" navigation="2" arg0="c:/users/mikkelino/desktop/programming/lattice diamond projektek/pwm2/pwm2_src/pwm2_src/pwm_top.vhd(5): " arg1="pwm_top" arg2="c:/users/mikkelino/desktop/programming/lattice diamond projektek/pwm2/pwm2_src/pwm2_src/pwm_top.vhd" arg3="5"  />
    <postMsg mid="35921010" type="Info"    dynamic="2" navigation="2" arg0="c:/users/mikkelino/desktop/programming/lattice diamond projektek/pwm2/pwm2_src/pwm2_src/pwm_top.vhd(11): " arg1="rtl" arg2="c:/users/mikkelino/desktop/programming/lattice diamond projektek/pwm2/pwm2_src/pwm2_src/pwm_top.vhd" arg3="11"  />
unit PWM_Top is not yet analyzed. VHDL-1485
unit PWM_Top is not yet analyzed. VHDL-1485
c:/users/mikkelino/desktop/programming/lattice diamond projektek/pwm2/pwm2_src/pwm2_src/pwm_top.vhd(5): executing PWM_Top(RTL)

    <postMsg mid="35921205" type="Warning" dynamic="3" navigation="2" arg0="c:/users/mikkelino/desktop/programming/lattice diamond projektek/pwm2/pwm2_src/pwm2_src/pwm_top.vhd(9): " arg1="PWM_Top" arg2="RTL" arg3="c:/users/mikkelino/desktop/programming/lattice diamond projektek/pwm2/pwm2_src/pwm2_src/pwm_top.vhd" arg4="9"  />
Top module name (VHDL): PWM_Top
Last elaborated design is PWM_Top(RTL)
Loading NGL library 'C:/lscc/diamond/3.9_x64/ispfpga/xo2c00a/data/xo2alib.ngl'...
Loading NGL library 'C:/lscc/diamond/3.9_x64/ispfpga/xo2c00/data/xo2clib.ngl'...
Loading NGL library 'C:/lscc/diamond/3.9_x64/ispfpga/mg5g00/data/mg5glib.ngl'...
Loading NGL library 'C:/lscc/diamond/3.9_x64/ispfpga/or5g00/data/orc5glib.ngl'...
Loading device for application map from file 'xo2c1200.nph' in environment: C:/lscc/diamond/3.9_x64/ispfpga.
Package Status:                     Preliminary    Version 1.42.
Top-level module name = PWM_Top.
######## Missing driver on net aLed. Patching with GND.



    <postMsg mid="35935013" type="Warning" dynamic="2" navigation="2" arg0="c:/users/mikkelino/desktop/programming/lattice diamond projektek/pwm2/pwm2_src/pwm2_src/pwm_top.vhd(110): " arg1="cState_i1" arg2="c:/users/mikkelino/desktop/programming/lattice diamond projektek/pwm2/pwm2_src/pwm2_src/pwm_top.vhd" arg3="110"  />
    <postMsg mid="35935013" type="Warning" dynamic="2" navigation="2" arg0="c:/users/mikkelino/desktop/programming/lattice diamond projektek/pwm2/pwm2_src/pwm2_src/pwm.vhd(41): " arg1="\PWMGen[1].PwmX/cPwm_19" arg2="c:/users/mikkelino/desktop/programming/lattice diamond projektek/pwm2/pwm2_src/pwm2_src/pwm.vhd" arg3="41"  />
GSR will not be inferred because no asynchronous signal was found in the netlist.
Applying 200.000000 MHz constraint to all clocks

    <postMsg mid="35001611" type="Warning" dynamic="0" navigation="0"  />
Results of NGD DRC are available in PWM_Top_drc.log.
Loading NGL library 'C:/lscc/diamond/3.9_x64/ispfpga/xo2c00a/data/xo2alib.ngl'...
Loading NGL library 'C:/lscc/diamond/3.9_x64/ispfpga/xo2c00/data/xo2clib.ngl'...
Loading NGL library 'C:/lscc/diamond/3.9_x64/ispfpga/mg5g00/data/mg5glib.ngl'...
Loading NGL library 'C:/lscc/diamond/3.9_x64/ispfpga/or5g00/data/orc5glib.ngl'...


Running DRC...

    <postMsg mid="1166052" type="Warning" dynamic="2" navigation="1" arg0="logical" arg1="aButtons[3]" arg2="aButtons[3]"  />
    <postMsg mid="1166064" type="Warning" dynamic="2" navigation="0" arg0="input" arg1="aButtons[3]"  />
    <postMsg mid="1163101" type="Warning" dynamic="1" navigation="0" arg0="2"  />

Design Results:
    204 blocks expanded
completed the first expansion
All blocks are expanded and NGD expansion is successful.
Writing NGD file PWM_impl1.ngd.

################### Begin Area Report (PWM_Top)######################
Number of register bits => 80 of 1346 (5 % )
CCU2D => 33
FD1P3AX => 7
FD1P3IX => 60
FD1S3AX => 9
FD1S3IX => 1
FD1S3JX => 3
GSR => 1
IB => 3
LUT4 => 75
OB => 8
OSCH => 1
################### End Area Report ##################

################### Begin BlackBox Report ######################
TSALL => 1
################### End BlackBox Report ##################

################### Begin Clock Report ######################
Clock Nets
Number of Clocks: 1
  Net : ClkGen/Clk, loads : 80
Clock Enable Nets
Number of Clock Enables: 8
Top 8 highest fanout Clock Enables:
  Net : ButtonX/BtnPathGen_0..Deb/Clk_enable_64, loads : 20
  Net : ButtonX/BtnPathGen_1..Deb/Clk_enable_23, loads : 20
  Net : ButtonX/BtnPathGen_2..Deb/Clk_enable_42, loads : 20
  Net : Clk_enable_63, loads : 3
  Net : ButtonX/BtnPathGen_2..Deb/cSigOut_N_175, loads : 1
  Net : ButtonX/BtnPathGen_0..Deb/cSigOut_N_175, loads : 1
  Net : ButtonX/BtnPathGen_1..Deb/cSigOut_N_175, loads : 1
Highest fanout non-clock nets
Top 10 highest fanout non-clock nets:
  Net : ButtonX/BtnPathGen_0..Deb/cCounter_19__N_173, loads : 22
  Net : ButtonX/BtnPathGen_2..Deb/cCounter_19__N_173, loads : 21
  Net : ButtonX/BtnPathGen_1..Deb/cCounter_19__N_173, loads : 21
  Net : ButtonX/BtnPathGen_2..Deb/Clk_enable_42, loads : 20
  Net : ButtonX/BtnPathGen_1..Deb/Clk_enable_23, loads : 20
  Net : ButtonX/BtnPathGen_0..Deb/Clk_enable_64, loads : 20
  Net : cSelector_2, loads : 12
  Net : cSelector_1, loads : 12
  Net : cSelector_0, loads : 12
  Net : cState_0, loads : 11
################### End Clock Report ##################

Timing Report Summary
--------------
--------------------------------------------------------------------------------
Constraint                              |   Constraint|       Actual|Levels
--------------------------------------------------------------------------------
                                        |             |             |
create_clock -period 5.000000 -name     |             |             |
clk0 [get_nets Clk]                     |  200.000 MHz|  144.530 MHz|     6 *
                                        |             |             |
--------------------------------------------------------------------------------


1 constraints not met.


Peak Memory Usage: 73.645  MB

--------------------------------------------------------------
Elapsed CPU time for LSE flow : 0.906  secs
--------------------------------------------------------------

map -a "MachXO2" -p LCMXO2-1200HC -t QFN32 -s 6 -oc Commercial   "PWM_impl1.ngd" -o "PWM_impl1_map.ncd" -pr "PWM_impl1.prf" -mp "PWM_impl1.mrp" -lpf "C:/Users/Mikkelino/Desktop/Programming/Lattice Diamond projektek/PWM2/PWM2_src/PWM2_src/impl1/PWM_impl1.lpf" -lpf "C:/Users/Mikkelino/Desktop/Programming/Lattice Diamond projektek/PWM2/PWM2_src/PWM2_src/PWM.lpf" -c 0            
map:  version Diamond (64-bit) 3.9.0.99.2

Copyright (c) 1991-1994 by NeoCAD Inc. All rights reserved.
Copyright (c) 1995 AT&T Corp.   All rights reserved.
Copyright (c) 1995-2001 Lucent Technologies Inc.  All rights reserved.
Copyright (c) 2001 Agere Systems   All rights reserved.
Copyright (c) 2002-2017 Lattice Semiconductor Corporation,  All rights reserved.
   Process the file: PWM_impl1.ngd
   Picdevice="LCMXO2-1200HC"

   Pictype="QFN32"

   Picspeed=6

   Remove unused logic

   Do not produce over sized NCDs.

Part used: LCMXO2-1200HCQFN32, Performance used: 6.

Loading device for application map from file 'xo2c1200.nph' in environment: C:/lscc/diamond/3.9_x64/ispfpga.
Package Status:                     Preliminary    Version 1.42.

Running general design DRC...

    <postMsg mid="1166064" type="Warning" dynamic="2" navigation="0" arg0="input" arg1="aButtons[3]"  />
Removing unused logic...

Optimizing...

    <postMsg mid="51001046" type="Warning" dynamic="1" navigation="0" arg0="aButtons[3:0](3)"  />



Design Summary:
   Number of registers:     80 out of  1346 (6%)
      PFU registers:           80 out of  1280 (6%)
      PIO registers:            0 out of    66 (0%)
   Number of SLICEs:        73 out of   640 (11%)
      SLICEs as Logic/ROM:     73 out of   640 (11%)
      SLICEs as RAM:            0 out of   480 (0%)
      SLICEs as Carry:         33 out of   640 (5%)
   Number of LUT4s:        141 out of  1280 (11%)
      Number used as logic LUTs:         75
      Number used as distributed RAM:     0
      Number used as ripple logic:       66
      Number used as shift registers:     0
   Number of PIO sites used: 11 + 4(JTAG) out of 22 (68%)
   Number of block RAMs:  0 out of 7 (0%)
   Number of GSRs:  0 out of 1 (0%)
   EFB used :       No
   JTAG used :      No
   Readback used :  No
   Oscillator used :  Yes
   Startup used :   No
   POR :            On
   Bandgap :        On
   Number of Power Controller:  0 out of 1 (0%)
   Number of Dynamic Bank Controller (BCINRD):  0 out of 4 (0%)
   Number of Dynamic Bank Controller (BCLVDSO):  0 out of 1 (0%)
   Number of DCCA:  0 out of 8 (0%)
   Number of DCMA:  0 out of 2 (0%)
   Number of PLLs:  0 out of 1 (0%)
   Number of DQSDLLs:  0 out of 2 (0%)
   Number of CLKDIVC:  0 out of 4 (0%)
   Number of ECLKSYNCA:  0 out of 4 (0%)
   Number of ECLKBRIDGECS:  0 out of 2 (0%)
   Notes:-
      1. Total number of LUT4s = (Number of logic LUT4s) + 2*(Number of distributed RAMs) + 2*(Number of ripple logic)
      2. Number of logic LUT4s does not include count of distributed RAM and ripple logic.
   Number of clocks:  1
     Net Clk: 50 loads, 50 rising, 0 falling (Driver: ClkGen/OSCInst0 )
   Number of Clock Enables:  8
     Net Clk_enable_1: 1 loads, 1 LSLICEs
     Net ButtonX/BtnPathGen_2..Deb/Clk_enable_42: 11 loads, 11 LSLICEs
     Net ButtonX/BtnPathGen_2..Deb/cSigOut_N_175: 1 loads, 1 LSLICEs
     Net ButtonX/BtnPathGen_1..Deb/Clk_enable_23: 11 loads, 11 LSLICEs
     Net ButtonX/BtnPathGen_1..Deb/cSigOut_N_175: 1 loads, 1 LSLICEs
     Net ButtonX/BtnPathGen_0..Deb/cSigOut_N_175: 1 loads, 1 LSLICEs
     Net ButtonX/BtnPathGen_0..Deb/Clk_enable_64: 11 loads, 11 LSLICEs
     Net Clk_enable_63: 2 loads, 2 LSLICEs
   Number of LSRs:  6
     Net ButtonX/BtnPathGen_2..Deb/cCounter_19__N_173: 11 loads, 11 LSLICEs
     Net ButtonX/BtnPathGen_1..Deb/cCounter_19__N_173: 11 loads, 11 LSLICEs
     Net cSelector_2: 1 loads, 1 LSLICEs
     Net cSelector_0: 2 loads, 2 LSLICEs
     Net ButtonX/BtnPathGen_0..Deb/cCounter_19__N_173: 11 loads, 11 LSLICEs
     Net cSelector_1: 1 loads, 1 LSLICEs
   Number of nets driven by tri-state buffers:  0
   Top 10 highest fanout non-clock nets:
     Net ButtonX/BtnPathGen_0..Deb/cCounter_19__N_173: 13 loads
     Net ButtonX/BtnPathGen_1..Deb/cCounter_19__N_173: 12 loads
     Net ButtonX/BtnPathGen_2..Deb/cCounter_19__N_173: 12 loads
     Net cSelector_0: 12 loads
     Net cSelector_1: 12 loads
     Net cSelector_2: 12 loads
     Net ButtonX/BtnPathGen_0..Deb/Clk_enable_64: 11 loads
     Net ButtonX/BtnPathGen_1..Deb/Clk_enable_23: 11 loads
     Net ButtonX/BtnPathGen_2..Deb/Clk_enable_42: 11 loads
     Net cState_0: 11 loads
 

   Number of warnings:  2
   Number of errors:    0



Total CPU Time: 0 secs  
Total REAL Time: 0 secs  
Peak Memory Usage: 40 MB

Dumping design to file PWM_impl1_map.ncd.

ncd2vdb "PWM_impl1_map.ncd" ".vdbs/PWM_impl1_map.vdb"

Loading device for application ncd2vdb from file 'xo2c1200.nph' in environment: C:/lscc/diamond/3.9_x64/ispfpga.

mpartrce -p "PWM_impl1.p2t" -f "PWM_impl1.p3t" -tf "PWM_impl1.pt" "PWM_impl1_map.ncd" "PWM_impl1.ncd"

---- MParTrce Tool ----
Removing old design directory at request of -rem command line option to this program.
Running par. Please wait . . .

Lattice Place and Route Report for Design "PWM_impl1_map.ncd"
Fri Dec 03 11:45:54 2021

PAR: Place And Route Diamond (64-bit) 3.9.0.99.2.
Command Line: par -w -l 5 -i 6 -t 1 -c 0 -e 0 -gui -msgset "C:/Users/Mikkelino/Desktop/Programming/Lattice Diamond projektek/PWM2/PWM2_src/PWM2_src/promote.xml" -exp parUseNBR=1:parCDP=0:parCDR=0:parPathBased=OFF PWM_impl1_map.ncd PWM_impl1.dir/5_1.ncd PWM_impl1.prf
Preference file: PWM_impl1.prf.
Placement level-cost: 5-1.
Routing Iterations: 6

Loading design for application par from file PWM_impl1_map.ncd.
Design name: PWM_Top
NCD version: 3.3
Vendor:      LATTICE
Device:      LCMXO2-1200HC
Package:     QFN32
Performance: 6
Loading device for application par from file 'xo2c1200.nph' in environment: C:/lscc/diamond/3.9_x64/ispfpga.
Package Status:                     Preliminary    Version 1.42.
Performance Hardware Data Status:   Final          Version 34.4.
License checked out.


Ignore Preference Error(s):  True
Device utilization summary:

   PIO (prelim)   11+4(JTAG)/108     14% used
                  11+4(JTAG)/22      68% bonded

   SLICE             73/640          11% used

   OSC                1/1           100% used


Number of Signals: 249
Number of Connections: 529

Pin Constraint Summary:
   11 out of 11 pins locked (100% locked).

The following 1 signal is selected to use the primary clock routing resources:
    Clk (driver: ClkGen/OSCInst0, clk load #: 50)


The following 6 signals are selected to use the secondary clock routing resources:
    ButtonX/BtnPathGen_2..Deb/Clk_enable_42 (driver: ButtonX/BtnPathGen_2..Deb/SLICE_59, clk load #: 0, sr load #: 0, ce load #: 11)
    ButtonX/BtnPathGen_2..Deb/cCounter_19__N_173 (driver: ButtonX/BtnPathGen_2..Deb/SLICE_59, clk load #: 0, sr load #: 11, ce load #: 0)
    ButtonX/BtnPathGen_1..Deb/Clk_enable_23 (driver: ButtonX/BtnPathGen_1..Deb/SLICE_67, clk load #: 0, sr load #: 0, ce load #: 11)
    ButtonX/BtnPathGen_1..Deb/cCounter_19__N_173 (driver: ButtonX/BtnPathGen_1..Deb/SLICE_67, clk load #: 0, sr load #: 11, ce load #: 0)
    ButtonX/BtnPathGen_0..Deb/Clk_enable_64 (driver: ButtonX/BtnPathGen_0..Deb/SLICE_71, clk load #: 0, sr load #: 0, ce load #: 11)
    ButtonX/BtnPathGen_0..Deb/cCounter_19__N_173 (driver: ButtonX/BtnPathGen_0..Deb/SLICE_69, clk load #: 0, sr load #: 11, ce load #: 0)

No signal is selected as Global Set/Reset.
Starting Placer Phase 0.
.........
Finished Placer Phase 0.  REAL time: 0 secs 

Starting Placer Phase 1.
...................
Placer score = 17179.
Finished Placer Phase 1.  REAL time: 4 secs 

Starting Placer Phase 2.
.
Placer score =  17116
Finished Placer Phase 2.  REAL time: 4 secs 


------------------ Clock Report ------------------

Global Clock Resources:
  CLK_PIN    : 0 out of 8 (0%)
  PLL        : 0 out of 1 (0%)
  DCM        : 0 out of 2 (0%)
  DCC        : 0 out of 8 (0%)

Quadrants All (TL, TR, BL, BR) - Global Clocks:
  PRIMARY "Clk" from OSC on comp "ClkGen/OSCInst0" on site "OSC", clk load = 50
  SECONDARY "ButtonX/BtnPathGen_2..Deb/Clk_enable_42" from F0 on comp "ButtonX/BtnPathGen_2..Deb/SLICE_59" on site "R7C14D", clk load = 0, ce load = 11, sr load = 0
  SECONDARY "ButtonX/BtnPathGen_2..Deb/cCounter_19__N_173" from F1 on comp "ButtonX/BtnPathGen_2..Deb/SLICE_59" on site "R7C14D", clk load = 0, ce load = 0, sr load = 11
  SECONDARY "ButtonX/BtnPathGen_1..Deb/Clk_enable_23" from F0 on comp "ButtonX/BtnPathGen_1..Deb/SLICE_67" on site "R7C12C", clk load = 0, ce load = 11, sr load = 0
  SECONDARY "ButtonX/BtnPathGen_1..Deb/cCounter_19__N_173" from F1 on comp "ButtonX/BtnPathGen_1..Deb/SLICE_67" on site "R7C12C", clk load = 0, ce load = 0, sr load = 11
  SECONDARY "ButtonX/BtnPathGen_0..Deb/Clk_enable_64" from F0 on comp "ButtonX/BtnPathGen_0..Deb/SLICE_71" on site "R7C12D", clk load = 0, ce load = 11, sr load = 0
  SECONDARY "ButtonX/BtnPathGen_0..Deb/cCounter_19__N_173" from F1 on comp "ButtonX/BtnPathGen_0..Deb/SLICE_69" on site "R7C12A", clk load = 0, ce load = 0, sr load = 11

  PRIMARY  : 1 out of 8 (12%)
  SECONDARY: 6 out of 8 (75%)

Edge Clocks:
  No edge clock selected.

--------------- End of Clock Report ---------------


I/O Usage Summary (final):
   11 + 4(JTAG) out of 108 (13.9%) PIO sites used.
   11 + 4(JTAG) out of 22 (68.2%) bonded PIO sites used.
   Number of PIO comps: 11; differential: 0.
   Number of Vref pins used: 0.

I/O Bank Usage Summary:
+----------+--------------+------------+-----------+
| I/O Bank | Usage        | Bank Vccio | Bank Vref |
+----------+--------------+------------+-----------+
| 0        | 3 / 9 ( 33%) | 3.3V       | -         |
| 1        | 1 / 2 ( 50%) | 3.3V       | -         |
| 2        | 6 / 9 ( 66%) | 3.3V       | -         |
| 3        | 1 / 2 ( 50%) | 3.3V       | -         |
+----------+--------------+------------+-----------+

Total placer CPU time: 4 secs 

Dumping design to file PWM_impl1.dir/5_1.ncd.

0 connections routed; 529 unrouted.
Starting router resource preassignment

Completed router resource preassignment. Real time: 5 secs 

Start NBR router at 11:45:59 12/03/21

*****************************************************************
Info: NBR allows conflicts(one node used by more than one signal)
      in the earlier iterations. In each iteration, it tries to  
      solve the conflicts while keeping the critical connections 
      routed as short as possible. The routing process is said to
      be completed when no conflicts exist and all connections   
      are routed.                                                
Note: NBR uses a different method to calculate timing slacks. The
      worst slack and total negative slack may not be the same as
      that in TRCE report. You should always run TRCE to verify  
      your design.                                               
*****************************************************************

Start NBR special constraint process at 11:45:59 12/03/21

Start NBR section for initial routing at 11:45:59 12/03/21
Level 4, iteration 1
10(0.01%) conflicts; 0(0.00%) untouched conn; 0 (nbr) score; 
Estimated worst slack/total negative slack<setup>: 18.578ns/0.000ns; real time: 5 secs 

Info: Initial congestion level at 75% usage is 0
Info: Initial congestion area  at 75% usage is 0 (0.00%)

Start NBR section for normal routing at 11:45:59 12/03/21
Level 4, iteration 1
4(0.00%) conflicts; 0(0.00%) untouched conn; 0 (nbr) score; 
Estimated worst slack/total negative slack<setup>: 18.578ns/0.000ns; real time: 5 secs 
Level 4, iteration 2
0(0.00%) conflict; 0(0.00%) untouched conn; 0 (nbr) score; 
Estimated worst slack/total negative slack<setup>: 18.578ns/0.000ns; real time: 5 secs 

Start NBR section for setup/hold timing optimization with effort level 3 at 11:45:59 12/03/21

Start NBR section for re-routing at 11:45:59 12/03/21
Level 4, iteration 1
0(0.00%) conflict; 0(0.00%) untouched conn; 0 (nbr) score; 
Estimated worst slack/total negative slack<setup>: 18.578ns/0.000ns; real time: 5 secs 

Start NBR section for post-routing at 11:45:59 12/03/21

End NBR router with 0 unrouted connection

NBR Summary
-----------
  Number of unrouted connections : 0 (0.00%)
  Number of connections with timing violations : 0 (0.00%)
  Estimated worst slack<setup> : 18.578ns
  Timing score<setup> : 0
-----------
Notes: The timing info is calculated for SETUP only and all PAR_ADJs are ignored.



Total CPU time 4 secs 
Total REAL time: 5 secs 
Completely routed.
End of route.  529 routed (100.00%); 0 unrouted.

Hold time timing score: 0, hold timing errors: 0

Timing score: 0 

Dumping design to file PWM_impl1.dir/5_1.ncd.


PAR_SUMMARY::Run status = completed
PAR_SUMMARY::Number of unrouted conns = 0
PAR_SUMMARY::Worst  slack<setup/<ns>> = 18.578
PAR_SUMMARY::Timing score<setup/<ns>> = 0.000
PAR_SUMMARY::Worst  slack<hold /<ns>> = 0.379
PAR_SUMMARY::Timing score<hold /<ns>> = 0.000
PAR_SUMMARY::Number of errors = 0

Total CPU  time to completion: 4 secs 
Total REAL time to completion: 5 secs 

par done!

Copyright (c) 1991-1994 by NeoCAD Inc. All rights reserved.
Copyright (c) 1995 AT&T Corp.   All rights reserved.
Copyright (c) 1995-2001 Lucent Technologies Inc.  All rights reserved.
Copyright (c) 2001 Agere Systems   All rights reserved.
Copyright (c) 2002-2017 Lattice Semiconductor Corporation,  All rights reserved.
Exiting par with exit code 0
Exiting mpartrce with exit code 0

bitgen -f "PWM_impl1.t2b" -w "PWM_impl1.ncd" -jedec "PWM_impl1.prf"


BITGEN: Bitstream Generator Diamond (64-bit) 3.9.0.99.2
Copyright (c) 1991-1994 by NeoCAD Inc. All rights reserved.
Copyright (c) 1995 AT&T Corp.   All rights reserved.
Copyright (c) 1995-2001 Lucent Technologies Inc.  All rights reserved.
Copyright (c) 2001 Agere Systems   All rights reserved.
Copyright (c) 2002-2017 Lattice Semiconductor Corporation,  All rights reserved.


Loading design for application Bitgen from file PWM_impl1.ncd.
Design name: PWM_Top
NCD version: 3.3
Vendor:      LATTICE
Device:      LCMXO2-1200HC
Package:     QFN32
Performance: 6
Loading device for application Bitgen from file 'xo2c1200.nph' in environment: C:/lscc/diamond/3.9_x64/ispfpga.
Package Status:                     Preliminary    Version 1.42.
Performance Hardware Data Status:   Final          Version 34.4.

Running DRC.
DRC detected 0 errors and 0 warnings.
Reading Preference File from PWM_impl1.prf.

Preference Summary:
+---------------------------------+---------------------------------+
|  Preference                     |  Current Setting                |
+---------------------------------+---------------------------------+
|                         RamCfg  |                        Reset**  |
+---------------------------------+---------------------------------+
|                     MCCLK_FREQ  |                         2.08**  |
+---------------------------------+---------------------------------+
|                  CONFIG_SECURE  |                          OFF**  |
+---------------------------------+---------------------------------+
|                          INBUF  |                           ON**  |
+---------------------------------+---------------------------------+
|                      JTAG_PORT  |                       ENABLE**  |
+---------------------------------+---------------------------------+
|                       SDM_PORT  |                      DISABLE**  |
+---------------------------------+---------------------------------+
|                 SLAVE_SPI_PORT  |                      DISABLE**  |
+---------------------------------+---------------------------------+
|                MASTER_SPI_PORT  |                      DISABLE**  |
+---------------------------------+---------------------------------+
|                       I2C_PORT  |                      DISABLE**  |
+---------------------------------+---------------------------------+
|        MUX_CONFIGURATION_PORTS  |                      DISABLE**  |
+---------------------------------+---------------------------------+
|                  CONFIGURATION  |                          CFG**  |
+---------------------------------+---------------------------------+
|                COMPRESS_CONFIG  |                           ON**  |
+---------------------------------+---------------------------------+
|                        MY_ASSP  |                          OFF**  |
+---------------------------------+---------------------------------+
|               ONE_TIME_PROGRAM  |                          OFF**  |
+---------------------------------+---------------------------------+
|                 ENABLE_TRANSFR  |                      DISABLE**  |
+---------------------------------+---------------------------------+
|                  SHAREDEBRINIT  |                      DISABLE**  |
+---------------------------------+---------------------------------+
|            BACKGROUND_RECONFIG  |                          OFF**  |
+---------------------------------+---------------------------------+
 *  Default setting.
 ** The specified setting matches the default setting.


Creating bit map...
 
Bitstream Status: Final           Version 1.94.
 
Saving bit stream in "PWM_impl1.jed".
 
===========
UFM Summary.
===========
UFM Size:        511 Pages (128*511 Bits).
UFM Utilization: General Purpose Flash Memory.
 
Available General Purpose Flash Memory:  511 Pages (Page 0 to Page 510).
Initialized UFM Pages:                     0 Page.
 
